Línea 25: la clase vbalIml6.vbalImageList del control iml no era una clase de control cargada.
Línea 37: la clase vbalTBar6.cReBar del control ReBar no era una clase de control cargada.
Línea 43: la clase vbalTBar6.cToolbar del control tbrWeb no era una clase de control cargada.
Línea 51: la clase SHDocVwCtl.WebBrowser del control wb no era una clase de control cargada.
Línea 12: la propiedad Icon de frmWebBrowser tenía una referencia a archivo no válida.
Línea 28: el nombre de la propiedad _ExtentX de iml no es válido.
Línea 29: el nombre de la propiedad _ExtentY de iml no es válido.
Línea 30: el nombre de la propiedad ColourDepth de iml no es válido.
Línea 31: el nombre de la propiedad Size de iml no es válido.
Línea 32: el nombre de la propiedad Images de iml no es válido.
Línea 33: el nombre de la propiedad Version de iml no es válido.
Línea 34: el nombre de la propiedad KeyCount de iml no es válido.
Línea 35: el nombre de la propiedad Keys de iml no es válido.
Línea 40: el nombre de la propiedad _ExtentX de ReBar no es válido.
Línea 41: el nombre de la propiedad _ExtentY de ReBar no es válido.
Línea 48: el nombre de la propiedad _ExtentX de tbrWeb no es válido.
Línea 49: el nombre de la propiedad _ExtentY de tbrWeb no es válido.
Línea 57: el nombre de la propiedad ExtentX de wb no es válido.
Línea 58: el nombre de la propiedad ExtentY de wb no es válido.
Línea 59: el nombre de la propiedad ViewMode de wb no es válido.
Línea 60: el nombre de la propiedad Offline de wb no es válido.
Línea 61: el nombre de la propiedad Silent de wb no es válido.
Línea 62: el nombre de la propiedad RegisterAsBrowser de wb no es válido.
Línea 63: el nombre de la propiedad RegisterAsDropTarget de wb no es válido.
Línea 64: el nombre de la propiedad AutoArrange de wb no es válido.
Línea 65: el nombre de la propiedad NoClientEdge de wb no es válido.
Línea 66: el nombre de la propiedad AlignLeft de wb no es válido.
Línea 67: el nombre de la propiedad NoWebView de wb no es válido.
Línea 68: el nombre de la propiedad HideFileNames de wb no es válido.
Línea 69: el nombre de la propiedad SingleClick de wb no es válido.
Línea 70: el nombre de la propiedad SingleSelection de wb no es válido.
Línea 71: el nombre de la propiedad NoFolders de wb no es válido.
Línea 72: el nombre de la propiedad Transparent de wb no es válido.
Línea 73: el nombre de la propiedad ViewID de wb no es válido.
Línea 74: el nombre de la propiedad Location de wb no es válido.
